
-------------------------------------------------------------------------------
Parsing project file - C:\Program Files (x86)\Steam\steamapps\common\DarkestDungeon\mods\SeijaModWIP\project.xml
Mod Data Directory = C:/Program Files (x86)/Steam/steamapps/common/DarkestDungeon/mods/SeijaModWIP/

-------------------------------------------------------------------------------
Processing Map Files files...

-------------------------------------------------------------------------------
Running Localization...
Parsing localization/seditionist_english.string_table.xml

Building Languages
Exporting .loc2 files

-------------------------------------------------------------------------------
Searching for preview icon file C:/Program Files (x86)/Steam/steamapps/common/DarkestDungeon/mods/SeijaModWIP/preview_icon.png...FOUND!
<UploadMode> - Set to dont_submit


-------------------------------------------------------------------------------
Detected 2 unchanged files
The following files are unchanged...
C:/Program Files (x86)/Steam/steamapps/common/DarkestDungeon/mods/SeijaModWIP/overlays/poptext_hp_heal_dot.png
C:/Program Files (x86)/Steam/steamapps/common/DarkestDungeon/mods/SeijaModWIP/overlays/tray_dot_hp_heal.png

-------------------------------------------------------------------------------
Modded files...

heroes/seditionist/seditionist_A/anim/seditionist.sprite.afflicted.png
heroes/seditionist/seditionist_A/anim/seditionist.sprite.alice_chanterph.png
heroes/seditionist/seditionist_A/anim/seditionist.sprite.alice_houraiph.png
heroes/seditionist/seditionist_A/anim/seditionist.sprite.alice_legionph.png
heroes/seditionist/seditionist_A/anim/seditionist.sprite.alice_ripositeph.png
heroes/seditionist/seditionist_A/anim/seditionist.sprite.camp.png
heroes/seditionist/seditionist_A/anim/seditionist.sprite.combat.png
heroes/seditionist/seditionist_A/anim/seditionist.sprite.defend.png
heroes/seditionist/seditionist_A/anim/seditionist.sprite.heroic.png
heroes/seditionist/seditionist_A/anim/seditionist.sprite.idle.png
heroes/seditionist/seditionist_A/anim/seditionist.sprite.investigate.png
heroes/seditionist/seditionist_A/anim/seditionist.sprite.walk.png
heroes/seditionist/anim/seditionist.sprite.afflicted.atlas
heroes/seditionist/anim/seditionist.sprite.afflicted.skel
heroes/seditionist/anim/seditionist.sprite.alice_chanterph.atlas
heroes/seditionist/anim/seditionist.sprite.alice_chanterph.skel
heroes/seditionist/anim/seditionist.sprite.alice_houraiph.atlas
heroes/seditionist/anim/seditionist.sprite.alice_houraiph.skel
heroes/seditionist/anim/seditionist.sprite.alice_legionph.atlas
heroes/seditionist/anim/seditionist.sprite.alice_legionph.skel
heroes/seditionist/anim/seditionist.sprite.alice_ripositeph.atlas
heroes/seditionist/anim/seditionist.sprite.alice_ripositeph.skel
heroes/seditionist/anim/seditionist.sprite.camp.atlas
heroes/seditionist/anim/seditionist.sprite.camp.skel
heroes/seditionist/anim/seditionist.sprite.combat.atlas
heroes/seditionist/anim/seditionist.sprite.combat.skel
heroes/seditionist/anim/seditionist.sprite.defend.atlas
heroes/seditionist/anim/seditionist.sprite.defend.skel
heroes/seditionist/anim/seditionist.sprite.heroic.atlas
heroes/seditionist/anim/seditionist.sprite.heroic.skel
heroes/seditionist/anim/seditionist.sprite.idle.atlas
heroes/seditionist/anim/seditionist.sprite.idle.skel
heroes/seditionist/anim/seditionist.sprite.investigate.atlas
heroes/seditionist/anim/seditionist.sprite.investigate.skel
heroes/seditionist/anim/seditionist.sprite.walk.atlas
heroes/seditionist/anim/seditionist.sprite.walk.skel
heroes/seditionist/fx/puppeteer.sprite.houraiFX1.atlas
heroes/seditionist/fx/puppeteer.sprite.houraiFX1.png
heroes/seditionist/fx/puppeteer.sprite.houraiFX1.skel
heroes/seditionist/fx/puppeteer.sprite.houraiFX2.atlas
heroes/seditionist/fx/puppeteer.sprite.houraiFX2.png
heroes/seditionist/fx/puppeteer.sprite.houraiFX2.skel
heroes/seditionist/fx/puppeteer.sprite.houraiFX3.atlas
heroes/seditionist/fx/puppeteer.sprite.houraiFX3.png
heroes/seditionist/fx/puppeteer.sprite.houraiFX3.skel
heroes/seditionist/fx/puppeteer.sprite.houraiFX4.atlas
heroes/seditionist/fx/puppeteer.sprite.houraiFX4.png
heroes/seditionist/fx/puppeteer.sprite.houraiFX4.skel
heroes/seditionist/fx/puppeteer.sprite.houraiFX5.atlas
heroes/seditionist/fx/puppeteer.sprite.houraiFX5.png
heroes/seditionist/fx/puppeteer.sprite.houraiFX5.skel
heroes/seditionist/fx/puppeteer.sprite.phalanxFX1.atlas
heroes/seditionist/fx/puppeteer.sprite.phalanxFX1.png
heroes/seditionist/fx/puppeteer.sprite.phalanxFX1.skel
heroes/seditionist/fx/puppeteer.sprite.seekerFX1.atlas
heroes/seditionist/fx/puppeteer.sprite.seekerFX1.png
heroes/seditionist/fx/puppeteer.sprite.seekerFX1.skel
heroes/seditionist/fx/puppeteer.sprite.shanghaiFX1.atlas
heroes/seditionist/fx/puppeteer.sprite.shanghaiFX1.png
heroes/seditionist/fx/puppeteer.sprite.shanghaiFX1.skel
heroes/seditionist/fx/puppeteer.sprite.shanghaiFX2.atlas
heroes/seditionist/fx/puppeteer.sprite.shanghaiFX2.png
heroes/seditionist/fx/puppeteer.sprite.shanghaiFX2.skel
heroes/seditionist/fx/puppeteer.sprite.shanghaiFX3.atlas
heroes/seditionist/fx/puppeteer.sprite.shanghaiFX3.png
heroes/seditionist/fx/puppeteer.sprite.shanghaiFX3.skel
heroes/seditionist/fx/puppeteer.sprite.shanghaiFX4.atlas
heroes/seditionist/fx/puppeteer.sprite.shanghaiFX4.png
heroes/seditionist/fx/puppeteer.sprite.shanghaiFX4.skel
heroes/seditionist/fx/puppeteer.sprite.shanghaiFX5.atlas
heroes/seditionist/fx/puppeteer.sprite.shanghaiFX5.png
heroes/seditionist/fx/puppeteer.sprite.shanghaiFX5.skel
heroes/seditionist/icons_equip/eqp_armour_0.png
heroes/seditionist/icons_equip/eqp_armour_1.png
heroes/seditionist/icons_equip/eqp_armour_2.png
heroes/seditionist/icons_equip/eqp_armour_3.png
heroes/seditionist/icons_equip/eqp_armour_4.png
heroes/seditionist/icons_equip/eqp_weapon_0.png
heroes/seditionist/icons_equip/eqp_weapon_1.png
heroes/seditionist/icons_equip/eqp_weapon_2.png
heroes/seditionist/icons_equip/eqp_weapon_3.png
heroes/seditionist/icons_equip/eqp_weapon_4.png
heroes/seditionist/seditionist_A/seditionist_portrait_roster.png
raid/camping/skill_icons/camp_skill_sdtReverseTrigger.png
fx/death_touhou/death_touhou.sprite.atlas
fx/death_touhou/death_touhou.sprite.png
fx/death_touhou/death_touhou.sprite.skel
heroes/seditionist/seditionist.ability.five.png
heroes/seditionist/seditionist.ability.four.png
heroes/seditionist/seditionist.ability.one.png
heroes/seditionist/seditionist.ability.seven.png
heroes/seditionist/seditionist.ability.six.png
heroes/seditionist/seditionist.ability.three.png
heroes/seditionist/seditionist.ability.two.png
heroes/seditionist/seditionist.art.darkest
heroes/seditionist/seditionist.info.darkest
heroes/seditionist/seditionist_guild_header.png
raid/camping/seditionist.camping_skills.json
shared/buffs/seditionist.buffs.json
shared/buffs/seditionist_riposte.buffs.json
shared/buffs/seditionist_trinket.buffs.json
shared/buffs/seditionist_tt.buffs.json
campaign/seditionist.roster.additional_variables.json
colours/seditionist.colours.darkest
effects/seditionist.effects.darkest
localization/0_english.loc2
localization/seditionist_english.string_table.xml
overlays/poptext_damage_reflect.png
overlays/poptext_health_damage_block.png
overlays/poptext_health_damage_block_onset.png
overlays/poptext_shuffle_dot.png
overlays/poptext_shuffle_dot_resist.png
overlays/poptext_vampire_resist.png
overlays/tray_dot_shuffle.png
overlays/tray_health_damage_block.png
overlays/tray_quirk.disease_vampire_blood_lust.png
overlays/tray_quirk.disease_vampire_crave.png
overlays/tray_quirk.disease_vampire_passive.png
overlays/tray_quirk.disease_vampire_wasting.png
trinkets/com.rarities.trinkets.json
trinkets/crimson_court.rarities.trinkets.json
trinkets/east_town.rarities.trinkets.json
trinkets/seditionist.entries.trinkets.json
trinkets/seditionist.sets.trinkets.json
upgrades/seditionist.upgrades.json
Change Log.txt
To Do.txt
desktop.ini
modfiles.txt
preview_icon.png
project.xml


*******************************************************************************
WARNING MOD WILL NOT BE UPLOADED
*******************************************************************************
Saving project file C:\Program Files (x86)\Steam\steamapps\common\DarkestDungeon\mods\SeijaModWIP\project.xml

